<?xml version="1.0" encoding="UTF-8"?>
<!-- Generated by org.testng.reporters.JUnitReportReporter -->
<testsuite hostname="LAPTOP-UK7PKGHG" name="testngForXml.ExtraClassDemo" tests="2" failures="0" timestamp="2 Oct 2020 07:17:59 GMT" time="0.039" errors="0">
  <testcase name="ExtraClassDemoOne" time="0.037" classname="testngForXml.ExtraClassDemo"/>
  <testcase name="ExtraClassDemoTwo" time="0.002" classname="testngForXml.ExtraClassDemo"/>
</testsuite> <!-- testngForXml.ExtraClassDemo -->
