<?xml version="1.0" encoding="UTF-8"?>
<!-- Generated by org.testng.reporters.JUnitReportReporter -->
<testsuite hostname="LAPTOP-UK7PKGHG" name="annotationDemo.AnnotationDemo" tests="2" failures="0" timestamp="6 Sep 2020 07:12:25 GMT" time="0.022" errors="0">
  <testcase name="verifyLogin" time="0.017" classname="annotationDemo.AnnotationDemo"/>
  <testcase name="verifyLogin2" time="0.005" classname="annotationDemo.AnnotationDemo"/>
</testsuite> <!-- annotationDemo.AnnotationDemo -->
