<?xml version="1.0" encoding="UTF-8"?>
<!-- Generated by org.testng.reporters.JUnitReportReporter -->
<testsuite hostname="LAPTOP-UK7PKGHG" name="testNGDemo.testngDependent" tests="3" failures="0" timestamp="5 Sep 2020 06:18:46 GMT" time="0.034" errors="0">
  <testcase name="verifyBillpayment" time="0.005" classname="testNGDemo.testngDependent"/>
  <testcase name="verifyLogin" time="0.025" classname="testNGDemo.testngDependent"/>
  <testcase name="verifyPostpaid" time="0.004" classname="testNGDemo.testngDependent"/>
</testsuite> <!-- testNGDemo.testngDependent -->
