<?xml version="1.0" encoding="UTF-8"?>
<!-- Generated by org.testng.reporters.JUnitReportReporter -->
<testsuite hostname="LAPTOP-UK7PKGHG" name="testNGDemo.testngSkip2" tests="2" failures="0" timestamp="5 Sep 2020 06:11:47 GMT" time="0.041" errors="0">
  <testcase name="verifyLogin" time="0.038" classname="testNGDemo.testngSkip2"/>
  <testcase name="verifyPostpaid" time="0.003" classname="testNGDemo.testngSkip2"/>
</testsuite> <!-- testNGDemo.testngSkip2 -->
