<?xml version="1.0" encoding="UTF-8"?>
<!-- Generated by org.testng.reporters.JUnitReportReporter -->
<testsuite hostname="LAPTOP-UK7PKGHG" name="testNGDemo.testngOne2" tests="3" failures="0" timestamp="5 Sep 2020 05:43:30 GMT" time="0.042" errors="0">
  <testcase name="verifyRegistration" time="0.036" classname="testNGDemo.testngOne2"/>
  <testcase name="verifyBillpayment" time="0.003" classname="testNGDemo.testngOne2"/>
  <testcase name="verifyLogin" time="0.003" classname="testNGDemo.testngOne2"/>
</testsuite> <!-- testNGDemo.testngOne2 -->
