<?xml version="1.0" encoding="UTF-8"?>
<!-- Generated by org.testng.reporters.JUnitReportReporter -->
<testsuite hostname="LAPTOP-UK7PKGHG" name="jenkinDemo.testngOne3" tests="3" failures="0" timestamp="3 Oct 2020 05:09:06 GMT" time="0.020" errors="0">
  <testcase name="verifyBillpayment" time="0.000" classname="jenkinDemo.testngOne3"/>
  <testcase name="verifyLogin" time="0.000" classname="jenkinDemo.testngOne3"/>
  <testcase name="verifyRegistration" time="0.020" classname="jenkinDemo.testngOne3"/>
</testsuite> <!-- jenkinDemo.testngOne3 -->
