<?xml version="1.0" encoding="UTF-8"?>
<!-- Generated by org.testng.reporters.JUnitReportReporter -->
<testsuite hostname="LAPTOP-UK7PKGHG" name="testNGDemo.testngPriority3" tests="3" failures="0" timestamp="5 Sep 2020 05:50:17 GMT" time="0.046" errors="0">
  <testcase name="verifyRegistration" time="0.036" classname="testNGDemo.testngPriority3"/>
  <testcase name="verifyBillpayment" time="0.007" classname="testNGDemo.testngPriority3"/>
  <testcase name="verifyLogin" time="0.003" classname="testNGDemo.testngPriority3"/>
</testsuite> <!-- testNGDemo.testngPriority3 -->
