<?xml version="1.0" encoding="UTF-8"?>
<!-- Generated by org.testng.reporters.JUnitReportReporter -->
<testsuite hostname="LAPTOP-UK7PKGHG" name="testngxmlnew.checkxml" tests="1" failures="0" timestamp="2 Oct 2020 15:55:32 GMT" time="0.018" errors="0">
  <testcase name="mytest" time="0.018" classname="testngxmlnew.checkxml"/>
</testsuite> <!-- testngxmlnew.checkxml -->
