<?xml version="1.0" encoding="UTF-8"?>
<!-- Generated by org.testng.reporters.JUnitReportReporter -->
<testsuite hostname="LAPTOP-UK7PKGHG" name="testNGDemo.AnnotationDemo" tests="2" failures="0" timestamp="6 Sep 2020 07:00:19 GMT" time="0.019" errors="0">
  <testcase name="verifyLogin2" time="0.005" classname="testNGDemo.AnnotationDemo"/>
  <testcase name="verifyLogin" time="0.014" classname="testNGDemo.AnnotationDemo"/>
</testsuite> <!-- testNGDemo.AnnotationDemo -->
