<?xml version="1.0" encoding="UTF-8"?>
<!-- Generated by org.testng.reporters.JUnitReportReporter -->
<testsuite hostname="LAPTOP-UK7PKGHG" name="testNGDemo.testngPriority4" tests="3" failures="0" timestamp="5 Sep 2020 05:52:24 GMT" time="0.044" errors="0">
  <testcase name="verifyRegistration" time="0.037" classname="testNGDemo.testngPriority4"/>
  <testcase name="verifyBillpayment" time="0.005" classname="testNGDemo.testngPriority4"/>
  <testcase name="verifyLogin" time="0.002" classname="testNGDemo.testngPriority4"/>
</testsuite> <!-- testNGDemo.testngPriority4 -->
