<?xml version="1.0" encoding="UTF-8"?>
<!-- Generated by org.testng.reporters.JUnitReportReporter -->
<testsuite hostname="LAPTOP-UK7PKGHG" name="testNGDemo.testngPriority2" tests="3" failures="0" timestamp="5 Sep 2020 05:49:18 GMT" time="0.043" errors="0">
  <testcase name="verifyBillpayment" time="0.035" classname="testNGDemo.testngPriority2"/>
  <testcase name="verifyRegistration" time="0.004" classname="testNGDemo.testngPriority2"/>
  <testcase name="verifyLogin" time="0.004" classname="testNGDemo.testngPriority2"/>
</testsuite> <!-- testNGDemo.testngPriority2 -->
