<?xml version="1.0" encoding="UTF-8"?>
<!-- Generated by org.testng.reporters.JUnitReportReporter -->
<testsuite hostname="LAPTOP-UK7PKGHG" name="faceBookPOM.VerifyLoginFaceBookTC" tests="1" failures="0" timestamp="13 Sep 2020 05:57:29 GMT" time="16.604" errors="0">
  <testcase name="VerifyLoginFacebook" time="16.604" classname="faceBookPOM.VerifyLoginFaceBookTC"/>
</testsuite> <!-- faceBookPOM.VerifyLoginFaceBookTC -->
