<?xml version="1.0" encoding="UTF-8"?>
<!-- Generated by org.testng.reporters.JUnitReportReporter -->
<testsuite hostname="LAPTOP-UK7PKGHG" name="testngForXml.Registration" tests="3" failures="0" timestamp="6 Sep 2020 05:19:30 GMT" time="0.014" errors="0">
  <testcase name="RegistrationOne" time="0.008" classname="testngForXml.Registration"/>
  <testcase name="RegistrationTwo" time="0.003" classname="testngForXml.Registration"/>
  <testcase name="RegistrationThree" time="0.003" classname="testngForXml.Registration"/>
</testsuite> <!-- testngForXml.Registration -->
