<?xml version="1.0" encoding="UTF-8"?>
<!-- Generated by org.testng.reporters.JUnitReportReporter -->
<testsuite hostname="LAPTOP-UK7PKGHG" name="testNGDemo.testngPriority6" tests="5" failures="0" timestamp="5 Sep 2020 06:03:08 GMT" time="0.047" errors="0">
  <testcase name="verifyLogin" time="0.004" classname="testNGDemo.testngPriority6"/>
  <testcase name="alind" time="0.031" classname="testNGDemo.testngPriority6"/>
  <testcase name="verifyBillpayment" time="0.005" classname="testNGDemo.testngPriority6"/>
  <testcase name="shishir" time="0.003" classname="testNGDemo.testngPriority6"/>
  <testcase name="verifyPostpaid" time="0.004" classname="testNGDemo.testngPriority6"/>
</testsuite> <!-- testNGDemo.testngPriority6 -->
