<?xml version="1.0" encoding="UTF-8"?>
<!-- Generated by org.testng.reporters.JUnitReportReporter -->
<testsuite hostname="LAPTOP-UK7PKGHG" name="testNGDemo.testngPriority" tests="3" failures="0" timestamp="5 Sep 2020 05:47:59 GMT" time="0.050" errors="0">
  <testcase name="verifyRegistration" time="0.041" classname="testNGDemo.testngPriority"/>
  <testcase name="verifyBillpayment" time="0.004" classname="testNGDemo.testngPriority"/>
  <testcase name="verifyLogin" time="0.005" classname="testNGDemo.testngPriority"/>
</testsuite> <!-- testNGDemo.testngPriority -->
