<?xml version="1.0" encoding="UTF-8"?>
<!-- Generated by org.testng.reporters.JUnitReportReporter -->
<testsuite hostname="LAPTOP-UK7PKGHG" name="testNGDemo.testngSkip" tests="2" failures="0" timestamp="5 Sep 2020 06:11:01 GMT" time="0.034" errors="0">
  <testcase name="verifyLogin" time="0.030" classname="testNGDemo.testngSkip"/>
  <testcase name="verifyPostpaid" time="0.004" classname="testNGDemo.testngSkip"/>
</testsuite> <!-- testNGDemo.testngSkip -->
