<?xml version="1.0" encoding="UTF-8"?>
<!-- Generated by org.testng.reporters.JUnitReportReporter -->
<testsuite hostname="LAPTOP-UK7PKGHG" name="testngForXml.testngDependent4" tests="3" failures="0" timestamp="6 Sep 2020 05:19:30 GMT" time="0.013" errors="0">
  <testcase name="verifyBillpayment" time="0.009" classname="testngForXml.testngDependent4"/>
  <testcase name="verifyLogin" time="0.002" classname="testngForXml.testngDependent4"/>
  <testcase name="one" time="0.002" classname="testngForXml.testngDependent4"/>
</testsuite> <!-- testngForXml.testngDependent4 -->
