<?xml version="1.0" encoding="UTF-8"?>
<!-- Generated by org.testng.reporters.JUnitReportReporter -->
<testsuite hostname="LAPTOP-UK7PKGHG" name="testNGDemo.DataProdDemo" tests="2" failures="0" timestamp="6 Sep 2020 05:54:15 GMT" time="30.241" errors="0">
  <testcase name="loginusingdata" time="17.999" classname="testNGDemo.DataProdDemo"/>
  <testcase name="loginusingdata" time="12.242" classname="testNGDemo.DataProdDemo"/>
</testsuite> <!-- testNGDemo.DataProdDemo -->
