<?xml version="1.0" encoding="UTF-8"?>
<!-- Generated by org.testng.reporters.JUnitReportReporter -->
<testsuite hostname="LAPTOP-UK7PKGHG" name="testNGDemo.testngOne" tests="3" failures="0" timestamp="5 Sep 2020 05:40:56 GMT" time="0.034" errors="0">
  <testcase name="verifyBillpayment" time="0.025" classname="testNGDemo.testngOne"/>
  <testcase name="verifyLogin" time="0.003" classname="testNGDemo.testngOne"/>
  <testcase name="verifyRegistration" time="0.006" classname="testNGDemo.testngOne"/>
</testsuite> <!-- testNGDemo.testngOne -->
