<?xml version="1.0" encoding="UTF-8"?>
<!-- Generated by org.testng.reporters.JUnitReportReporter -->
<testsuite hostname="LAPTOP-UK7PKGHG" name="testNGIncExcl.Registration" tests="4" failures="0" timestamp="6 Sep 2020 06:09:30 GMT" time="81.407" errors="0">
  <testcase name="RegistrationFour" time="0.043" classname="testNGIncExcl.Registration"/>
  <testcase name="RegistrationOne" time="26.949" classname="testNGIncExcl.Registration"/>
  <testcase name="RegistrationTwo" time="26.067" classname="testNGIncExcl.Registration"/>
  <testcase name="RegistrationThree" time="28.348" classname="testNGIncExcl.Registration"/>
</testsuite> <!-- testNGIncExcl.Registration -->
