<?xml version="1.0" encoding="UTF-8"?>
<!-- Generated by org.testng.reporters.JUnitReportReporter -->
<testsuite hostname="LAPTOP-UK7PKGHG" name="testNGDemo.VerifyLaunchBrowser" tests="2" failures="0" timestamp="5 Sep 2020 05:30:27 GMT" time="25.774" errors="0">
  <testcase name="tc_launchfacebook" time="13.963" classname="testNGDemo.VerifyLaunchBrowser"/>
  <testcase name="tc_verifylaunchpaytm" time="11.811" classname="testNGDemo.VerifyLaunchBrowser"/>
</testsuite> <!-- testNGDemo.VerifyLaunchBrowser -->
