<?xml version="1.0" encoding="UTF-8"?>
<!-- Generated by org.testng.reporters.JUnitReportReporter -->
<testsuite hostname="LAPTOP-UK7PKGHG" name="testNGDemo.ExtentReportDemo" tests="1" failures="0" timestamp="6 Sep 2020 07:26:57 GMT" time="11.980" errors="0">
  <testcase name="verifyLogin" time="11.980" classname="testNGDemo.ExtentReportDemo"/>
</testsuite> <!-- testNGDemo.ExtentReportDemo -->
