<?xml version="1.0" encoding="UTF-8"?>
<!-- Generated by org.testng.reporters.JUnitReportReporter -->
<testsuite hostname="LAPTOP-UK7PKGHG" name="annotationDemo.AnnotationDemo2" tests="2" failures="0" timestamp="6 Sep 2020 07:12:25 GMT" time="0.009" errors="0">
  <testcase name="verifyLogin" time="0.005" classname="annotationDemo.AnnotationDemo2"/>
  <testcase name="verifyLogin2" time="0.004" classname="annotationDemo.AnnotationDemo2"/>
</testsuite> <!-- annotationDemo.AnnotationDemo2 -->
