<?xml version="1.0" encoding="UTF-8"?>
<!-- Generated by org.testng.reporters.JUnitReportReporter -->
<testsuite hostname="LAPTOP-UK7PKGHG" name="testNGDemo.AssertionDemo2" tests="2" failures="0" timestamp="6 Sep 2020 06:20:45 GMT" time="0.048" errors="0">
  <testcase name="softAssert" time="0.016" classname="testNGDemo.AssertionDemo2"/>
  <testcase name="hardassert" time="0.032" classname="testNGDemo.AssertionDemo2"/>
</testsuite> <!-- testNGDemo.AssertionDemo2 -->
