<?xml version="1.0" encoding="UTF-8"?>
<!-- Generated by org.testng.reporters.JUnitReportReporter -->
<testsuite hostname="LAPTOP-UK7PKGHG" name="testNGDemo.testngPriority5" tests="4" failures="0" timestamp="5 Sep 2020 05:54:08 GMT" time="0.044" errors="0">
  <testcase name="verifyPostpaid" time="0.034" classname="testNGDemo.testngPriority5"/>
  <testcase name="verifyLogin" time="0.003" classname="testNGDemo.testngPriority5"/>
  <testcase name="verifyRegistration" time="0.003" classname="testNGDemo.testngPriority5"/>
  <testcase name="verifyBillpayment" time="0.004" classname="testNGDemo.testngPriority5"/>
</testsuite> <!-- testNGDemo.testngPriority5 -->
